<?xml version="1.0" encoding="UTF-8"?>
<!-- Generated by org.testng.reporters.JUnitXMLReporter -->
<testsuite hostname="SILICON-PC" name="ConveyOTP" tests="1" failures="1" timestamp="9 Mar 2015 10:02:11 GMT" time="0.031" errors="0">
  <testcase name="conveyotp" time="0.03" classname="qhcloud.selenium.TestSuite.ConveyOTP">
    <failure type="java.lang.NullPointerException">
      <![CDATA[java.lang.NullPointerException
	at qhcloud.selenium.TestSuite.SnapShot.takeSnapShot(SnapShot.java:16)
	at selenium.reporter.Reporter.report(Reporter.java:41)
	at qhcloud.selenium.TestSuite.ConveyOTP.conveyotp(ConveyOTP.java:127)
	at sun.reflect.NativeMethodAccessorImpl.invoke0(Native Method)
	at sun.reflect.NativeMethodAccessorImpl.invoke(Unknown Source)
	at sun.reflect.DelegatingMethodAccessorImpl.invoke(Unknown Source)
	at java.lang.reflect.Method.invoke(Unknown Source)
	at org.testng.internal.MethodInvocationHelper.invokeMethod(MethodInvocationHelper.java:84)
	at org.testng.internal.Invoker.invokeMethod(Invoker.java:714)
	at org.testng.internal.Invoker.invokeTestMethod(Invoker.java:901)
	at org.testng.internal.Invoker.invokeTestMethods(Invoker.java:1231)
	at org.testng.internal.TestMethodWorker.invokeTestMethods(TestMethodWorker.java:127)
	at org.testng.internal.TestMethodWorker.run(TestMethodWorker.java:111)
	at org.testng.TestRunner.privateRun(TestRunner.java:767)
	at org.testng.TestRunner.run(TestRunner.java:617)
	at org.testng.SuiteRunner.runTest(SuiteRunner.java:334)
	at org.testng.SuiteRunner.runSequentially(SuiteRunner.java:329)
	at org.testng.SuiteRunner.privateRun(SuiteRunner.java:291)
	at org.testng.SuiteRunner.run(SuiteRunner.java:240)
	at org.testng.SuiteRunnerWorker.runSuite(SuiteRunnerWorker.java:52)
	at org.testng.SuiteRunnerWorker.run(SuiteRunnerWorker.java:86)
	at org.testng.TestNG.runSuitesSequentially(TestNG.java:1224)
	at org.testng.TestNG.runSuitesLocally(TestNG.java:1149)
	at org.testng.TestNG.run(TestNG.java:1057)
	at qhcloud.selenium.TestSuite.TestRunner.main(TestRunner.java:52)
]]>
    </failure>
  </testcase> <!-- conveyotp -->
</testsuite> <!-- ConveyOTP -->
